\BOOKMARK [1][-]{section.1}{\376\377\000C\000+\000+}{}% 1
\BOOKMARK [2][-]{subsection.1.1}{\376\377\000C\000+\000+\000\040\000T\000e\000m\000p\000l\000a\000t\000e}{section.1}% 2
\BOOKMARK [2][-]{subsection.1.2}{\376\377\000B\000i\000t\000s\000\040\000M\000a\000n\000i\000p\000u\000l\000a\000t\000i\000o\000n}{section.1}% 3
\BOOKMARK [2][-]{subsection.1.3}{\376\377\000R\000a\000n\000d\000o\000m}{section.1}% 4
\BOOKMARK [2][-]{subsection.1.4}{\376\377\000O\000t\000h\000e\000r}{section.1}% 5
\BOOKMARK [1][-]{section.2}{\376\377\000S\000t\000r\000i\000n\000g\000s}{}% 6
\BOOKMARK [2][-]{subsection.2.1}{\376\377\000A\000h\000o\000\040\000C\000o\000r\000a\000s\000i\000c\000k}{section.2}% 7
\BOOKMARK [2][-]{subsection.2.2}{\376\377\000H\000a\000s\000h\000i\000n\000g}{section.2}% 8
\BOOKMARK [2][-]{subsection.2.3}{\376\377\000K\000M\000P}{section.2}% 9
\BOOKMARK [2][-]{subsection.2.4}{\376\377\000L\000y\000n\000d\000o\000n\000\040\000F\000a\000c\000t\000o\000r\000i\000z\000a\000t\000i\000o\000n}{section.2}% 10
\BOOKMARK [2][-]{subsection.2.5}{\376\377\000M\000a\000n\000a\000c\000h\000e\000r}{section.2}% 11
\BOOKMARK [2][-]{subsection.2.6}{\376\377\000S\000u\000f\000f\000i\000x\000\040\000A\000r\000r\000a\000y}{section.2}% 12
\BOOKMARK [2][-]{subsection.2.7}{\376\377\000S\000u\000f\000f\000i\000x\000\040\000A\000u\000t\000o\000m\000a\000t\000o\000n}{section.2}% 13
\BOOKMARK [2][-]{subsection.2.8}{\376\377\000T\000r\000i\000e}{section.2}% 14
\BOOKMARK [2][-]{subsection.2.9}{\376\377\000Z\000-\000F\000u\000n\000c\000t\000i\000o\000n}{section.2}% 15
\BOOKMARK [1][-]{section.3}{\376\377\000G\000r\000a\000p\000h\000\040\000a\000l\000g\000o\000r\000i\000t\000h\000m\000s}{}% 16
\BOOKMARK [2][-]{subsection.3.1}{\376\377\0002\000-\000S\000A\000T}{section.3}% 17
\BOOKMARK [2][-]{subsection.3.2}{\376\377\000B\000e\000l\000l\000m\000a\000n\000\040\000F\000o\000r\000d}{section.3}% 18
\BOOKMARK [2][-]{subsection.3.3}{\376\377\000B\000i\000n\000a\000r\000y\000\040\000L\000i\000f\000t\000i\000n\000g}{section.3}% 19
\BOOKMARK [2][-]{subsection.3.4}{\376\377\000C\000e\000n\000t\000r\000o\000i\000d\000\040\000D\000e\000c\000o\000m\000p\000o\000s\000i\000t\000i\000o\000n}{section.3}% 20
\BOOKMARK [2][-]{subsection.3.5}{\376\377\000C\000y\000c\000l\000e\000\040\000D\000e\000t\000e\000c\000t\000i\000o\000n}{section.3}% 21
\BOOKMARK [2][-]{subsection.3.6}{\376\377\000D\000e\000b\000r\000u\000i\000j\000n}{section.3}% 22
\BOOKMARK [2][-]{subsection.3.7}{\376\377\000D\000i\000j\000k\000s\000t\000r\000a}{section.3}% 23
\BOOKMARK [2][-]{subsection.3.8}{\376\377\000E\000u\000l\000e\000r\000\040\000P\000a\000t\000h\000\040\000D\000i\000r\000e\000c\000t\000e\000d}{section.3}% 24
\BOOKMARK [2][-]{subsection.3.9}{\376\377\000E\000u\000l\000e\000r\000\040\000P\000a\000t\000h\000\040\000U\000n\000d\000i\000r\000e\000c\000t\000e\000d}{section.3}% 25
\BOOKMARK [2][-]{subsection.3.10}{\376\377\000F\000l\000o\000y\000d\000\040\000W\000a\000r\000s\000h\000a\000l\000l}{section.3}% 26
\BOOKMARK [2][-]{subsection.3.11}{\376\377\000H\000e\000a\000v\000y\000\040\000L\000i\000g\000h\000t\000\040\000D\000e\000c\000o\000m\000p\000o\000s\000i\000t\000i\000o\000n}{section.3}% 27
\BOOKMARK [2][-]{subsection.3.12}{\376\377\000K\000r\000u\000s\000k\000a\000l}{section.3}% 28
\BOOKMARK [2][-]{subsection.3.13}{\376\377\000T\000a\000r\000j\000a\000n}{section.3}% 29
\BOOKMARK [2][-]{subsection.3.14}{\376\377\000T\000o\000p\000o\000\040\000S\000o\000r\000t}{section.3}% 30
\BOOKMARK [1][-]{section.4}{\376\377\000F\000l\000o\000w\000s}{}% 31
\BOOKMARK [2][-]{subsection.4.1}{\376\377\000D\000i\000n\000i\000c}{section.4}% 32
\BOOKMARK [2][-]{subsection.4.2}{\376\377\000K\000u\000h\000n}{section.4}% 33
\BOOKMARK [2][-]{subsection.4.3}{\376\377\000M\000i\000n\000-\000C\000o\000s\000t\000\040\000M\000a\000x\000-\000F\000l\000o\000w}{section.4}% 34
\BOOKMARK [2][-]{subsection.4.4}{\376\377\000M\000i\000n\000\040\000V\000e\000r\000t\000e\000x\000\040\000C\000o\000v\000e\000r}{section.4}% 35
\BOOKMARK [2][-]{subsection.4.5}{\376\377\000P\000u\000s\000h\000\040\000R\000e\000l\000a\000b\000e\000l}{section.4}% 36
\BOOKMARK [1][-]{section.5}{\376\377\000D\000a\000t\000a\000\040\000S\000t\000r\000u\000c\000t\000u\000r\000e\000s}{}% 37
\BOOKMARK [2][-]{subsection.5.1}{\376\377\000D\000i\000s\000j\000o\000i\000n\000t\000\040\000S\000e\000t\000\040\000U\000n\000i\000o\000n}{section.5}% 38
\BOOKMARK [2][-]{subsection.5.2}{\376\377\000D\000S\000U\000\040\000w\000i\000t\000h\000\040\000R\000o\000l\000l\000b\000a\000c\000k\000s}{section.5}% 39
\BOOKMARK [2][-]{subsection.5.3}{\376\377\000F\000e\000n\000w\000i\000c\000k\000\040\000T\000r\000e\000e}{section.5}% 40
\BOOKMARK [2][-]{subsection.5.4}{\376\377\000M\000e\000r\000g\000e\000\040\000S\000o\000r\000t\000\040\000T\000r\000e\000e}{section.5}% 41
\BOOKMARK [2][-]{subsection.5.5}{\376\377\000M\000o\000n\000o\000t\000o\000n\000i\000c\000\040\000D\000e\000q\000u\000e}{section.5}% 42
\BOOKMARK [2][-]{subsection.5.6}{\376\377\000M\000o\000'\000s\000\040\000A\000l\000g\000o\000r\000i\000t\000h\000m}{section.5}% 43
\BOOKMARK [2][-]{subsection.5.7}{\376\377\000M\000o\000'\000s\000\040\000w\000i\000t\000h\000\040\000U\000p\000d\000a\000t\000e\000s}{section.5}% 44
\BOOKMARK [2][-]{subsection.5.8}{\376\377\000O\000r\000d\000e\000r\000e\000d\000\040\000S\000e\000t}{section.5}% 45
\BOOKMARK [2][-]{subsection.5.9}{\376\377\000S\000e\000g\000m\000e\000n\000t\000\040\000T\000r\000e\000e\000\040\0002\000D}{section.5}% 46
\BOOKMARK [2][-]{subsection.5.10}{\376\377\000S\000e\000g\000m\000e\000n\000t\000\040\000T\000r\000e\000e\000\040\000B\000e\000a\000t\000s}{section.5}% 47
\BOOKMARK [2][-]{subsection.5.11}{\376\377\000S\000e\000g\000m\000e\000n\000t\000\040\000T\000r\000e\000e\000\040\000L\000a\000z\000y}{section.5}% 48
\BOOKMARK [2][-]{subsection.5.12}{\376\377\000S\000e\000g\000m\000e\000n\000t\000\040\000T\000r\000e\000e\000\040\000P\000e\000r\000s\000i\000s\000t\000e\000n\000t}{section.5}% 49
\BOOKMARK [2][-]{subsection.5.13}{\376\377\000S\000e\000g\000m\000e\000n\000t\000\040\000T\000r\000e\000e}{section.5}% 50
\BOOKMARK [2][-]{subsection.5.14}{\376\377\000S\000p\000a\000r\000s\000e\000\040\000T\000a\000b\000l\000e}{section.5}% 51
\BOOKMARK [2][-]{subsection.5.15}{\376\377\000S\000q\000r\000t\000\040\000D\000e\000c\000o\000m\000p\000o\000s\000i\000t\000i\000o\000n}{section.5}% 52
\BOOKMARK [2][-]{subsection.5.16}{\376\377\000T\000r\000e\000a\000p\000\040\000I\000m\000p\000l\000i\000c\000i\000t}{section.5}% 53
\BOOKMARK [2][-]{subsection.5.17}{\376\377\000T\000r\000e\000a\000p}{section.5}% 54
\BOOKMARK [2][-]{subsection.5.18}{\376\377\000W\000a\000v\000e\000l\000e\000t\000\040\000T\000r\000e\000e}{section.5}% 55
\BOOKMARK [1][-]{section.6}{\376\377\000M\000a\000t\000h}{}% 56
\BOOKMARK [2][-]{subsection.6.1}{\376\377\000B\000i\000g\000\040\000I\000n\000t\000e\000g\000e\000r}{section.6}% 57
\BOOKMARK [2][-]{subsection.6.2}{\376\377\000B\000i\000n\000a\000r\000y\000\040\000E\000x\000p\000o\000n\000e\000n\000t\000i\000a\000t\000i\000o\000n}{section.6}% 58
\BOOKMARK [2][-]{subsection.6.3}{\376\377\000B\000i\000n\000o\000m\000i\000a\000l\000\040\000C\000o\000e\000f\000f\000i\000c\000i\000e\000n\000t}{section.6}% 59
\BOOKMARK [2][-]{subsection.6.4}{\376\377\000B\000i\000t\000w\000i\000s\000e\000\040\000A\000N\000D\000\040\000C\000o\000n\000v\000o\000l\000u\000t\000i\000o\000n}{section.6}% 60
\BOOKMARK [2][-]{subsection.6.5}{\376\377\000B\000i\000t\000w\000i\000s\000e\000\040\000O\000R\000\040\000C\000o\000n\000v\000o\000l\000u\000t\000i\000o\000n}{section.6}% 61
\BOOKMARK [2][-]{subsection.6.6}{\376\377\000B\000i\000t\000w\000i\000s\000e\000\040\000X\000O\000R\000\040\000C\000o\000n\000v\000o\000l\000u\000t\000i\000o\000n}{section.6}% 62
\BOOKMARK [2][-]{subsection.6.7}{\376\377\000C\000a\000t\000a\000l\000a\000n\000\040\000N\000u\000m\000b\000e\000r\000s}{section.6}% 63
\BOOKMARK [2][-]{subsection.6.8}{\376\377\000E\000u\000l\000e\000r\000\040\000T\000o\000t\000i\000e\000n\000t}{section.6}% 64
\BOOKMARK [2][-]{subsection.6.9}{\376\377\000E\000x\000t\000e\000n\000d\000e\000d\000\040\000E\000u\000c\000l\000i\000d\000e\000a\000n}{section.6}% 65
\BOOKMARK [2][-]{subsection.6.10}{\376\377\000F\000F\000T}{section.6}% 66
\BOOKMARK [2][-]{subsection.6.11}{\376\377\000F\000r\000a\000c\000t\000i\000o\000n\000s}{section.6}% 67
\BOOKMARK [2][-]{subsection.6.12}{\376\377\000G\000C\000D\000\040\000C\000o\000n\000v\000o\000l\000u\000t\000i\000o\000n}{section.6}% 68
\BOOKMARK [2][-]{subsection.6.13}{\376\377\000L\000C\000M\000\040\000C\000o\000n\000v\000o\000l\000u\000t\000i\000o\000n}{section.6}% 69
\BOOKMARK [2][-]{subsection.6.14}{\376\377\000M\000a\000t\000r\000i\000x\000\040\000E\000x\000p\000o\000n\000e\000n\000t\000i\000a\000t\000i\000o\000n\000\040\000K\000t\000h\000\040\000T\000e\000r\000m}{section.6}% 70
\BOOKMARK [2][-]{subsection.6.15}{\376\377\000M\000a\000t\000r\000i\000x\000\040\000E\000x\000p\000o\000n\000e\000n\000t\000i\000a\000t\000i\000o\000n}{section.6}% 71
\BOOKMARK [2][-]{subsection.6.16}{\376\377\000M\000i\000l\000l\000e\000r\000\040\000R\000a\000b\000i\000n}{section.6}% 72
\BOOKMARK [2][-]{subsection.6.17}{\376\377\000M\000o\000b\000i\000u\000s\000\040\000F\000u\000n\000c\000t\000i\000o\000n}{section.6}% 73
\BOOKMARK [2][-]{subsection.6.18}{\376\377\000M\000o\000d\000u\000l\000a\000r\000\040\000I\000n\000t}{section.6}% 74
\BOOKMARK [2][-]{subsection.6.19}{\376\377\000N\000T\000T}{section.6}% 75
\BOOKMARK [2][-]{subsection.6.20}{\376\377\000P\000a\000s\000c\000a\000l\000\040\000T\000r\000i\000a\000n\000g\000l\000e}{section.6}% 76
\BOOKMARK [2][-]{subsection.6.21}{\376\377\000S\000i\000e\000v\000e\000\040\000L\000i\000n\000e\000a\000r}{section.6}% 77
\BOOKMARK [2][-]{subsection.6.22}{\376\377\000S\000i\000e\000v\000e}{section.6}% 78
\BOOKMARK [2][-]{subsection.6.23}{\376\377\000S\000i\000e\000v\000e\000\040\000S\000e\000g\000m\000e\000n\000t\000e\000d}{section.6}% 79
\BOOKMARK [1][-]{section.7}{\376\377\000D\000y\000n\000a\000m\000i\000c\000\040\000P\000r\000o\000g\000r\000a\000m\000m\000i\000n\000g}{}% 80
\BOOKMARK [2][-]{subsection.7.1}{\376\377\000C\000o\000n\000v\000e\000x\000\040\000H\000u\000l\000l\000\040\000T\000r\000i\000c\000k}{section.7}% 81
\BOOKMARK [2][-]{subsection.7.2}{\376\377\000D\000i\000v\000i\000d\000e\000\040\000a\000n\000d\000\040\000C\000o\000n\000q\000u\000e\000r}{section.7}% 82
\BOOKMARK [2][-]{subsection.7.3}{\376\377\000E\000d\000i\000t\000\040\000D\000i\000s\000t\000a\000n\000c\000e}{section.7}% 83
\BOOKMARK [2][-]{subsection.7.4}{\376\377\000K\000n\000a\000p\000s\000a\000c\000k\000\040\0000\0001\000\040\000O\000p\000t\000i\000m\000i\000z\000a\000t\000i\000o\000n}{section.7}% 84
\BOOKMARK [2][-]{subsection.7.5}{\376\377\000K\000n\000u\000t\000h\000\040\000O\000p\000t\000i\000m\000i\000z\000a\000t\000i\000o\000n}{section.7}% 85
\BOOKMARK [2][-]{subsection.7.6}{\376\377\000L\000o\000n\000g\000e\000s\000t\000\040\000C\000o\000m\000m\000o\000n\000\040\000S\000u\000b\000s\000e\000q\000u\000e\000n\000c\000e}{section.7}% 86
\BOOKMARK [2][-]{subsection.7.7}{\376\377\000L\000o\000n\000g\000e\000s\000t\000\040\000I\000n\000c\000r\000e\000a\000s\000i\000n\000g\000\040\000S\000u\000b\000s\000e\000q\000u\000e\000n\000c\000e}{section.7}% 87
\BOOKMARK [2][-]{subsection.7.8}{\376\377\000S\000u\000m\000\040\000O\000v\000e\000r\000\040\000S\000u\000b\000s\000e\000t\000s}{section.7}% 88
\BOOKMARK [1][-]{section.8}{\376\377\000G\000e\000o\000m\000e\000t\000r\000y}{}% 89
\BOOKMARK [2][-]{subsection.8.1}{\376\377\000T\000e\000m\000p\000l\000a\000t\000e\000\040\0002\000D}{section.8}% 90
\BOOKMARK [2][-]{subsection.8.2}{\376\377\000T\000e\000m\000p\000l\000a\000t\000e\000\040\0003\000D}{section.8}% 91
\BOOKMARK [2][-]{subsection.8.3}{\376\377\000F\000o\000r\000m\000u\000l\000a\000s}{section.8}% 92
\BOOKMARK [2][-]{subsection.8.4}{\376\377\000A\000n\000g\000u\000l\000a\000r\000\040\000S\000w\000e\000e\000p}{section.8}% 93
\BOOKMARK [2][-]{subsection.8.5}{\376\377\000C\000h\000e\000c\000k\000\040\000P\000a\000r\000a\000l\000l\000e\000l\000i\000s\000m}{section.8}% 94
\BOOKMARK [2][-]{subsection.8.6}{\376\377\000C\000h\000e\000c\000k\000\040\000P\000e\000r\000p\000e\000n\000d\000i\000c\000u\000l\000a\000r\000i\000t\000y}{section.8}% 95
\BOOKMARK [2][-]{subsection.8.7}{\376\377\000C\000i\000r\000c\000l\000e\000-\000L\000i\000n\000e\000\040\000I\000n\000t\000e\000r\000s\000e\000c\000t\000i\000o\000n}{section.8}% 96
\BOOKMARK [2][-]{subsection.8.8}{\376\377\000C\000l\000o\000s\000e\000s\000t\000\040\000P\000a\000i\000r}{section.8}% 97
\BOOKMARK [2][-]{subsection.8.9}{\376\377\000C\000o\000n\000v\000e\000x\000\040\000H\000u\000l\000l}{section.8}% 98
\BOOKMARK [2][-]{subsection.8.10}{\376\377\000E\000q\000u\000a\000t\000i\000o\000n\000\040\000o\000f\000\040\000L\000i\000n\000e}{section.8}% 99
\BOOKMARK [2][-]{subsection.8.11}{\376\377\000H\000a\000l\000f\000\040\000P\000l\000a\000n\000e\000\040\000I\000n\000t\000e\000r\000s\000e\000c\000t\000i\000o\000n}{section.8}% 100
\BOOKMARK [2][-]{subsection.8.12}{\376\377\000L\000i\000n\000e\000\040\000I\000n\000t\000e\000r\000s\000e\000c\000t\000i\000o\000n}{section.8}% 101
\BOOKMARK [2][-]{subsection.8.13}{\376\377\000P\000l\000a\000n\000a\000r\000\040\000G\000r\000a\000p\000h}{section.8}% 102
\BOOKMARK [2][-]{subsection.8.14}{\376\377\000P\000o\000i\000n\000t\000\040\000I\000n\000s\000i\000d\000e\000\040\000P\000o\000l\000y\000g\000o\000n\000\040\000L\000i\000n\000e\000a\000r}{section.8}% 103
\BOOKMARK [2][-]{subsection.8.15}{\376\377\000P\000o\000i\000n\000t\000\040\000I\000n\000s\000i\000d\000e\000\040\000P\000o\000l\000y\000g\000o\000n\000\040\000O\000p\000t\000i\000m\000i\000z\000e\000d}{section.8}% 104
\BOOKMARK [2][-]{subsection.8.16}{\376\377\000P\000o\000l\000y\000g\000o\000n\000\040\000A\000r\000e\000a}{section.8}% 105
\BOOKMARK [1][-]{section.9}{\376\377\000M\000i\000s\000c\000e\000l\000l\000a\000n\000e\000o\000u\000s}{}% 106
\BOOKMARK [2][-]{subsection.9.1}{\376\377\000C\000o\000o\000r\000d\000i\000n\000a\000t\000e\000\040\000C\000o\000m\000p\000r\000e\000s\000s\000i\000o\000n}{section.9}% 107
\BOOKMARK [2][-]{subsection.9.2}{\376\377\000I\000s\000o\000m\000o\000r\000p\000h\000i\000s\000m\000\040\000R\000o\000o\000t\000e\000d}{section.9}% 108
\BOOKMARK [2][-]{subsection.9.3}{\376\377\000I\000s\000o\000m\000o\000r\000p\000h\000i\000s\000m\000\040\000U\000n\000r\000o\000o\000t\000e\000d}{section.9}% 109
\BOOKMARK [2][-]{subsection.9.4}{\376\377\000M\000a\000x\000\040\000S\000u\000b\000a\000r\000r\000a\000y\000\040\000S\000u\000m}{section.9}% 110
\BOOKMARK [2][-]{subsection.9.5}{\376\377\000P\000a\000r\000a\000l\000l\000e\000l\000\040\000B\000i\000n\000a\000r\000y\000\040\000S\000e\000a\000r\000c\000h}{section.9}% 111
\BOOKMARK [2][-]{subsection.9.6}{\376\377\000S\000m\000a\000l\000l\000\040\000t\000o\000\040\000L\000a\000r\000g\000e}{section.9}% 112
\BOOKMARK [2][-]{subsection.9.7}{\376\377\000T\000e\000r\000n\000a\000r\000y\000\040\000S\000e\000a\000r\000c\000h\000\040\0002\000D}{section.9}% 113
\BOOKMARK [2][-]{subsection.9.8}{\376\377\000T\000e\000r\000n\000a\000r\000y\000\040\000S\000e\000a\000r\000c\000h}{section.9}% 114
\BOOKMARK [2][-]{subsection.9.9}{\376\377\000X\000O\000R\000\040\000B\000a\000s\000i\000s}{section.9}% 115
\BOOKMARK [1][-]{section.10}{\376\377\000T\000h\000e\000o\000r\000y}{}% 116
